# JRE version: OpenJDK Runtime Environment Temurin-17.0.10+7 (17.0.10+7) (build 17.0.10+7)
# Java VM: OpenJDK 64-Bit Server VM Temurin-17.0.10+7 (17.0.10+7, mixed mode, tiered, compressed oops, compressed class ptrs, parallel gc, windows-amd64)
GC Precious Log:
 CPUs: 8 total, 8 available
 Memory: 14269M
 Large Page Support: Disabled
 NUMA Support: Disabled
 Compressed Oops: Enabled (32-bit)
 Alignments: Space 512K, Generation 512K, Heap 2M
 Heap Min Capacity: 100M
 Heap Initial Capacity: 100M
 Heap Max Capacity: 1G
 Pre-touch: Disabled
 Parallel Workers: 8
Heap:
 PSYoungGen      total 24576K, used 11260K [0x00000000eab00000, 0x00000000ec580000, 0x0000000100000000)
  eden space 22016K, 48% used [0x00000000eab00000,0x00000000eb5871a0,0x00000000ec080000)
  from space 2560K, 18% used [0x00000000ec180000,0x00000000ec1f8000,0x00000000ec400000)
  to   space 1024K, 0% used [0x00000000ec480000,0x00000000ec480000,0x00000000ec580000)
 ParOldGen       total 68608K, used 23868K [0x00000000c0000000, 0x00000000c4300000, 0x00000000eab00000)
  object space 68608K, 34% used [0x00000000c0000000,0x00000000c174f0a0,0x00000000c4300000)
 Metaspace       used 42460K, committed 43200K, reserved 1114112K
  class space    used 4301K, committed 4608K, reserved 1048576K
GC Heap History (20 events):
Event: 10.174 GC heap before
{Heap before GC invocations=10 (full 1):
 PSYoungGen      total 27648K, used 16789K [0x00000000eab00000, 0x00000000ecb00000, 0x0000000100000000)
  eden space 23552K, 53% used [0x00000000eab00000,0x00000000eb767cb8,0x00000000ec200000)
  from space 4096K, 99% used [0x00000000ec680000,0x00000000eca7d820,0x00000000eca80000)
  to   space 4608K, 0% used [0x00000000ec200000,0x00000000ec200000,0x00000000ec680000)
 ParOldGen       total 68608K, used 8862K [0x00000000c0000000, 0x00000000c4300000, 0x00000000eab00000)
  object space 68608K, 12% used [0x00000000c0000000,0x00000000c08a7828,0x00000000c4300000)
 Metaspace       used 35185K, committed 35840K, reserved 1114112K
  class space    used 3504K, committed 3776K, reserved 1048576K
}
Event: 10.178 GC heap after
{Heap after GC invocations=10 (full 1):
 PSYoungGen      total 27136K, used 3177K [0x00000000eab00000, 0x00000000eca00000, 0x0000000100000000)
  eden space 23552K, 0% used [0x00000000eab00000,0x00000000eab00000,0x00000000ec200000)
  from space 3584K, 88% used [0x00000000ec200000,0x00000000ec51a460,0x00000000ec580000)
  to   space 4096K, 0% used [0x00000000ec600000,0x00000000ec600000,0x00000000eca00000)
 ParOldGen       total 68608K, used 10399K [0x00000000c0000000, 0x00000000c4300000, 0x00000000eab00000)
  object space 68608K, 15% used [0x00000000c0000000,0x00000000c0a27df0,0x00000000c4300000)
 Metaspace       used 35185K, committed 35840K, reserved 1114112K
  class space    used 3504K, committed 3776K, reserved 1048576K
}
Event: 10.178 GC heap before
{Heap before GC invocations=11 (full 2):
 PSYoungGen      total 27136K, used 3177K [0x00000000eab00000, 0x00000000eca00000, 0x0000000100000000)
  eden space 23552K, 0% used [0x00000000eab00000,0x00000000eab00000,0x00000000ec200000)
  from space 3584K, 88% used [0x00000000ec200000,0x00000000ec51a460,0x00000000ec580000)
  to   space 4096K, 0% used [0x00000000ec600000,0x00000000ec600000,0x00000000eca00000)
 ParOldGen       total 68608K, used 10399K [0x00000000c0000000, 0x00000000c4300000, 0x00000000eab00000)
  object space 68608K, 15% used [0x00000000c0000000,0x00000000c0a27df0,0x00000000c4300000)
 Metaspace       used 35185K, committed 35840K, reserved 1114112K
  class space    used 3504K, committed 3776K, reserved 1048576K
}
Event: 10.199 GC heap after
{Heap after GC invocations=11 (full 2):
 PSYoungGen      total 27136K, used 0K [0x00000000eab00000, 0x00000000eca00000, 0x0000000100000000)
  eden space 23552K, 0% used [0x00000000eab00000,0x00000000eab00000,0x00000000ec200000)
  from space 3584K, 0% used [0x00000000ec200000,0x00000000ec200000,0x00000000ec580000)
  to   space 4096K, 0% used [0x00000000ec600000,0x00000000ec600000,0x00000000eca00000)
 ParOldGen       total 68608K, used 12482K [0x00000000c0000000, 0x00000000c4300000, 0x00000000eab00000)
  object space 68608K, 18% used [0x00000000c0000000,0x00000000c0c30bd8,0x00000000c4300000)
 Metaspace       used 35185K, committed 35840K, reserved 1114112K
  class space    used 3504K, committed 3776K, reserved 1048576K
}
Event: 10.620 GC heap before
{Heap before GC invocations=12 (full 2):
 PSYoungGen      total 27136K, used 23552K [0x00000000eab00000, 0x00000000eca00000, 0x0000000100000000)
  eden space 23552K, 100% used [0x00000000eab00000,0x00000000ec200000,0x00000000ec200000)
  from space 3584K, 0% used [0x00000000ec200000,0x00000000ec200000,0x00000000ec580000)
  to   space 4096K, 0% used [0x00000000ec600000,0x00000000ec600000,0x00000000eca00000)
 ParOldGen       total 68608K, used 12482K [0x00000000c0000000, 0x00000000c4300000, 0x00000000eab00000)
  object space 68608K, 18% used [0x00000000c0000000,0x00000000c0c30bd8,0x00000000c4300000)
 Metaspace       used 36788K, committed 37504K, reserved 1114112K
  class space    used 3707K, committed 4032K, reserved 1048576K
}
Event: 10.622 GC heap after
{Heap after GC invocations=12 (full 2):
 PSYoungGen      total 26624K, used 3406K [0x00000000eab00000, 0x00000000ec980000, 0x0000000100000000)
  eden space 23040K, 0% used [0x00000000eab00000,0x00000000eab00000,0x00000000ec180000)
  from space 3584K, 95% used [0x00000000ec600000,0x00000000ec953a30,0x00000000ec980000)
  to   space 3584K, 0% used [0x00000000ec280000,0x00000000ec280000,0x00000000ec600000)
 ParOldGen       total 68608K, used 12490K [0x00000000c0000000, 0x00000000c4300000, 0x00000000eab00000)
  object space 68608K, 18% used [0x00000000c0000000,0x00000000c0c32bd8,0x00000000c4300000)
 Metaspace       used 36788K, committed 37504K, reserved 1114112K
  class space    used 3707K, committed 4032K, reserved 1048576K
}
Event: 10.694 GC heap before
{Heap before GC invocations=13 (full 2):
 PSYoungGen      total 26624K, used 26446K [0x00000000eab00000, 0x00000000ec980000, 0x0000000100000000)
  eden space 23040K, 100% used [0x00000000eab00000,0x00000000ec180000,0x00000000ec180000)
  from space 3584K, 95% used [0x00000000ec600000,0x00000000ec953a30,0x00000000ec980000)
  to   space 3584K, 0% used [0x00000000ec280000,0x00000000ec280000,0x00000000ec600000)
 ParOldGen       total 68608K, used 12490K [0x00000000c0000000, 0x00000000c4300000, 0x00000000eab00000)
  object space 68608K, 18% used [0x00000000c0000000,0x00000000c0c32bd8,0x00000000c4300000)
 Metaspace       used 36818K, committed 37504K, reserved 1114112K
  class space    used 3707K, committed 4032K, reserved 1048576K
}
Event: 10.697 GC heap after
{Heap after GC invocations=13 (full 2):
 PSYoungGen      total 23552K, used 608K [0x00000000eab00000, 0x00000000ec680000, 0x0000000100000000)
  eden space 22528K, 0% used [0x00000000eab00000,0x00000000eab00000,0x00000000ec100000)
  from space 1024K, 59% used [0x00000000ec280000,0x00000000ec318000,0x00000000ec380000)
  to   space 2048K, 0% used [0x00000000ec480000,0x00000000ec480000,0x00000000ec680000)
 ParOldGen       total 68608K, used 15822K [0x00000000c0000000, 0x00000000c4300000, 0x00000000eab00000)
  object space 68608K, 23% used [0x00000000c0000000,0x00000000c0f73ab8,0x00000000c4300000)
 Metaspace       used 36818K, committed 37504K, reserved 1114112K
  class space    used 3707K, committed 4032K, reserved 1048576K
}
Event: 10.745 GC heap before
{Heap before GC invocations=14 (full 2):
 PSYoungGen      total 23552K, used 23136K [0x00000000eab00000, 0x00000000ec680000, 0x0000000100000000)
  eden space 22528K, 100% used [0x00000000eab00000,0x00000000ec100000,0x00000000ec100000)
  from space 1024K, 59% used [0x00000000ec280000,0x00000000ec318000,0x00000000ec380000)
  to   space 2048K, 0% used [0x00000000ec480000,0x00000000ec480000,0x00000000ec680000)
 ParOldGen       total 68608K, used 15822K [0x00000000c0000000, 0x00000000c4300000, 0x00000000eab00000)
  object space 68608K, 23% used [0x00000000c0000000,0x00000000c0f73ab8,0x00000000c4300000)
 Metaspace       used 36818K, committed 37504K, reserved 1114112K
  class space    used 3707K, committed 4032K, reserved 1048576K
}
Event: 10.747 GC heap after
{Heap after GC invocations=14 (full 2):
 PSYoungGen      total 23040K, used 672K [0x00000000eab00000, 0x00000000ec580000, 0x0000000100000000)
  eden space 22016K, 0% used [0x00000000eab00000,0x00000000eab00000,0x00000000ec080000)
  from space 1024K, 65% used [0x00000000ec480000,0x00000000ec528000,0x00000000ec580000)
  to   space 1024K, 0% used [0x00000000ec380000,0x00000000ec380000,0x00000000ec480000)
 ParOldGen       total 68608K, used 16323K [0x00000000c0000000, 0x00000000c4300000, 0x00000000eab00000)
  object space 68608K, 23% used [0x00000000c0000000,0x00000000c0ff0f38,0x00000000c4300000)
 Metaspace       used 36818K, committed 37504K, reserved 1114112K
  class space    used 3707K, committed 4032K, reserved 1048576K
}
Event: 10.835 GC heap before
{Heap before GC invocations=15 (full 2):
 PSYoungGen      total 23040K, used 22688K [0x00000000eab00000, 0x00000000ec580000, 0x0000000100000000)
  eden space 22016K, 100% used [0x00000000eab00000,0x00000000ec080000,0x00000000ec080000)
  from space 1024K, 65% used [0x00000000ec480000,0x00000000ec528000,0x00000000ec580000)
  to   space 1024K, 0% used [0x00000000ec380000,0x00000000ec380000,0x00000000ec480000)
 ParOldGen       total 68608K, used 16323K [0x00000000c0000000, 0x00000000c4300000, 0x00000000eab00000)
  object space 68608K, 23% used [0x00000000c0000000,0x00000000c0ff0f38,0x00000000c4300000)
 Metaspace       used 36893K, committed 37568K, reserved 1114112K
  class space    used 3709K, committed 4032K, reserved 1048576K
}
Event: 10.836 GC heap after
{Heap after GC invocations=15 (full 2):
 PSYoungGen      total 23040K, used 874K [0x00000000eab00000, 0x00000000ec500000, 0x0000000100000000)
  eden space 22016K, 0% used [0x00000000eab00000,0x00000000eab00000,0x00000000ec080000)
  from space 1024K, 85% used [0x00000000ec380000,0x00000000ec45a8f8,0x00000000ec480000)
  to   space 512K, 0% used [0x00000000ec480000,0x00000000ec480000,0x00000000ec500000)
 ParOldGen       total 68608K, used 16867K [0x00000000c0000000, 0x00000000c4300000, 0x00000000eab00000)
  object space 68608K, 24% used [0x00000000c0000000,0x00000000c1078f38,0x00000000c4300000)
 Metaspace       used 36893K, committed 37568K, reserved 1114112K
  class space    used 3709K, committed 4032K, reserved 1048576K
}
Event: 10.890 GC heap before
{Heap before GC invocations=16 (full 2):
 PSYoungGen      total 23040K, used 22890K [0x00000000eab00000, 0x00000000ec500000, 0x0000000100000000)
  eden space 22016K, 100% used [0x00000000eab00000,0x00000000ec080000,0x00000000ec080000)
  from space 1024K, 85% used [0x00000000ec380000,0x00000000ec45a8f8,0x00000000ec480000)
  to   space 512K, 0% used [0x00000000ec480000,0x00000000ec480000,0x00000000ec500000)
 ParOldGen       total 68608K, used 16867K [0x00000000c0000000, 0x00000000c4300000, 0x00000000eab00000)
  object space 68608K, 24% used [0x00000000c0000000,0x00000000c1078f38,0x00000000c4300000)
 Metaspace       used 36894K, committed 37568K, reserved 1114112K
  class space    used 3709K, committed 4032K, reserved 1048576K
}
Event: 10.892 GC heap after
{Heap after GC invocations=16 (full 2):
 PSYoungGen      total 22528K, used 491K [0x00000000eab00000, 0x00000000ec680000, 0x0000000100000000)
  eden space 22016K, 0% used [0x00000000eab00000,0x00000000eab00000,0x00000000ec080000)
  from space 512K, 95% used [0x00000000ec480000,0x00000000ec4fad30,0x00000000ec500000)
  to   space 3072K, 0% used [0x00000000ec080000,0x00000000ec080000,0x00000000ec380000)
 ParOldGen       total 68608K, used 18796K [0x00000000c0000000, 0x00000000c4300000, 0x00000000eab00000)
  object space 68608K, 27% used [0x00000000c0000000,0x00000000c125b2b8,0x00000000c4300000)
 Metaspace       used 36894K, committed 37568K, reserved 1114112K
  class space    used 3709K, committed 4032K, reserved 1048576K
}
Event: 11.390 GC heap before
{Heap before GC invocations=17 (full 2):
 PSYoungGen      total 22528K, used 22496K [0x00000000eab00000, 0x00000000ec680000, 0x0000000100000000)
  eden space 22016K, 99% used [0x00000000eab00000,0x00000000ec07d2f0,0x00000000ec080000)
  from space 512K, 95% used [0x00000000ec480000,0x00000000ec4fad30,0x00000000ec500000)
  to   space 3072K, 0% used [0x00000000ec080000,0x00000000ec080000,0x00000000ec380000)
 ParOldGen       total 68608K, used 18796K [0x00000000c0000000, 0x00000000c4300000, 0x00000000eab00000)
  object space 68608K, 27% used [0x00000000c0000000,0x00000000c125b2b8,0x00000000c4300000)
 Metaspace       used 37484K, committed 38208K, reserved 1114112K
  class space    used 3771K, committed 4096K, reserved 1048576K
}
Event: 11.396 GC heap after
{Heap after GC invocations=17 (full 2):
 PSYoungGen      total 25088K, used 3048K [0x00000000eab00000, 0x00000000ec980000, 0x0000000100000000)
  eden space 22016K, 0% used [0x00000000eab00000,0x00000000eab00000,0x00000000ec080000)
  from space 3072K, 99% used [0x00000000ec080000,0x00000000ec37a3c0,0x00000000ec380000)
  to   space 4608K, 0% used [0x00000000ec500000,0x00000000ec500000,0x00000000ec980000)
 ParOldGen       total 68608K, used 19844K [0x00000000c0000000, 0x00000000c4300000, 0x00000000eab00000)
  object space 68608K, 28% used [0x00000000c0000000,0x00000000c13612b8,0x00000000c4300000)
 Metaspace       used 37484K, committed 38208K, reserved 1114112K
  class space    used 3771K, committed 4096K, reserved 1048576K
}
Event: 12.219 GC heap before
{Heap before GC invocations=18 (full 2):
 PSYoungGen      total 25088K, used 25048K [0x00000000eab00000, 0x00000000ec980000, 0x0000000100000000)
  eden space 22016K, 99% used [0x00000000eab00000,0x00000000ec07be18,0x00000000ec080000)
  from space 3072K, 99% used [0x00000000ec080000,0x00000000ec37a3c0,0x00000000ec380000)
  to   space 4608K, 0% used [0x00000000ec500000,0x00000000ec500000,0x00000000ec980000)
 ParOldGen       total 68608K, used 19844K [0x00000000c0000000, 0x00000000c4300000, 0x00000000eab00000)
  object space 68608K, 28% used [0x00000000c0000000,0x00000000c13612b8,0x00000000c4300000)
 Metaspace       used 39881K, committed 40640K, reserved 1114112K
  class space    used 4053K, committed 4416K, reserved 1048576K
}
Event: 12.222 GC heap after
{Heap after GC invocations=18 (full 2):
 PSYoungGen      total 23552K, used 1065K [0x00000000eab00000, 0x00000000ec680000, 0x0000000100000000)
  eden space 22016K, 0% used [0x00000000eab00000,0x00000000eab00000,0x00000000ec080000)
  from space 1536K, 69% used [0x00000000ec500000,0x00000000ec60a710,0x00000000ec680000)
  to   space 2560K, 0% used [0x00000000ec180000,0x00000000ec180000,0x00000000ec400000)
 ParOldGen       total 68608K, used 22871K [0x00000000c0000000, 0x00000000c4300000, 0x00000000eab00000)
  object space 68608K, 33% used [0x00000000c0000000,0x00000000c1655e28,0x00000000c4300000)
 Metaspace       used 39881K, committed 40640K, reserved 1114112K
  class space    used 4053K, committed 4416K, reserved 1048576K
}
Event: 13.401 GC heap before
{Heap before GC invocations=19 (full 2):
 PSYoungGen      total 23552K, used 23081K [0x00000000eab00000, 0x00000000ec680000, 0x0000000100000000)
  eden space 22016K, 100% used [0x00000000eab00000,0x00000000ec080000,0x00000000ec080000)
  from space 1536K, 69% used [0x00000000ec500000,0x00000000ec60a710,0x00000000ec680000)
  to   space 2560K, 0% used [0x00000000ec180000,0x00000000ec180000,0x00000000ec400000)
 ParOldGen       total 68608K, used 22871K [0x00000000c0000000, 0x00000000c4300000, 0x00000000eab00000)
  object space 68608K, 33% used [0x00000000c0000000,0x00000000c1655e28,0x00000000c4300000)
 Metaspace       used 41208K, committed 41984K, reserved 1114112K
  class space    used 4176K, committed 4544K, reserved 1048576K
}
Event: 13.403 GC heap after
{Heap after GC invocations=19 (full 2):
 PSYoungGen      total 24576K, used 480K [0x00000000eab00000, 0x00000000ec580000, 0x0000000100000000)
  eden space 22016K, 0% used [0x00000000eab00000,0x00000000eab00000,0x00000000ec080000)
  from space 2560K, 18% used [0x00000000ec180000,0x00000000ec1f8000,0x00000000ec400000)
  to   space 1024K, 0% used [0x00000000ec480000,0x00000000ec480000,0x00000000ec580000)
 ParOldGen       total 68608K, used 23868K [0x00000000c0000000, 0x00000000c4300000, 0x00000000eab00000)
  object space 68608K, 34% used [0x00000000c0000000,0x00000000c174f0a0,0x00000000c4300000)
 Metaspace       used 41208K, committed 41984K, reserved 1114112K
  class space    used 4176K, committed 4544K, reserved 1048576K
}

